TpTrace Verbose: 0 : 23364, 1, 2022/01/09, 21:27:38.153, 9105143550605, vstest.console.dll, Version: 16.9.4
TpTrace Information: 0 : 23364, 1, 2022/01/09, 21:27:38.160, 9105143610039, vstest.console.dll, FilePatternParser: The given file E:\REIKALINGI FAILAI\TechnineUzduotis\TechninėUžduotisPresentConnection\UnitTests\bin\Debug\net5.0\fine-code-coverage\build-output\UnitTests.dll is a full path.
TpTrace Verbose: 0 : 23364, 1, 2022/01/09, 21:27:38.167, 9105143674910, vstest.console.dll, TestPluginCache.DiscoverTestExtensions: finding test extensions in assemblies ends with: RuntimeProvider.dll TPluginInfo: Microsoft.VisualStudio.TestPlatform.Common.ExtensionFramework.Utilities.TestRuntimePluginInformation TExtension: Microsoft.VisualStudio.TestPlatform.ObjectModel.Host.ITestRuntimeProvider
TpTrace Verbose: 0 : 23364, 1, 2022/01/09, 21:27:38.183, 9105143836882, vstest.console.dll, TestPluginCache.GetExtensionPaths: Filtered extension paths: 
TpTrace Verbose: 0 : 23364, 1, 2022/01/09, 21:27:38.183, 9105143837959, vstest.console.dll, TestPluginCache.GetExtensionPaths: Added default extension paths: C:\Program Files\dotnet\sdk\5.0.203\Extensions\Microsoft.Diagnostics.NETCore.Client.dll
C:\Program Files\dotnet\sdk\5.0.203\Extensions\Microsoft.TestPlatform.Extensions.BlameDataCollector.dll
C:\Program Files\dotnet\sdk\5.0.203\Extensions\Microsoft.TestPlatform.Extensions.EventLogCollector.dll
C:\Program Files\dotnet\sdk\5.0.203\Extensions\Microsoft.TestPlatform.TestHostRuntimeProvider.dll
C:\Program Files\dotnet\sdk\5.0.203\Extensions\Microsoft.VisualStudio.TestPlatform.Extensions.Html.TestLogger.dll
C:\Program Files\dotnet\sdk\5.0.203\Extensions\Microsoft.VisualStudio.TestPlatform.Extensions.Trx.TestLogger.dll
TpTrace Verbose: 0 : 23364, 1, 2022/01/09, 21:27:38.183, 9105143838281, vstest.console.dll, TestPluginCache.GetExtensionPaths: Added unfilterableExtensionPaths: 
TpTrace Information: 0 : 23364, 1, 2022/01/09, 21:27:38.183, 9105143844410, vstest.console.dll, AssemblyResolver.ctor: Creating AssemblyResolver with searchDirectories C:\Program Files\dotnet\sdk\5.0.203\Extensions,C:\Program Files\dotnet\sdk\5.0.203
TpTrace Verbose: 0 : 23364, 1, 2022/01/09, 21:27:38.184, 9105143851272, vstest.console.dll, TestPluginCache.DiscoverTestExtensions: Discovering the extensions using extension path.
TpTrace Verbose: 0 : 23364, 1, 2022/01/09, 21:27:38.184, 9105143852036, vstest.console.dll, TestPluginCache.GetExtensionPaths: Filtered extension paths: 
TpTrace Verbose: 0 : 23364, 1, 2022/01/09, 21:27:38.184, 9105143852296, vstest.console.dll, TestPluginCache.GetExtensionPaths: Added default extension paths: C:\Program Files\dotnet\sdk\5.0.203\Extensions\Microsoft.Diagnostics.NETCore.Client.dll
C:\Program Files\dotnet\sdk\5.0.203\Extensions\Microsoft.TestPlatform.Extensions.BlameDataCollector.dll
C:\Program Files\dotnet\sdk\5.0.203\Extensions\Microsoft.TestPlatform.Extensions.EventLogCollector.dll
C:\Program Files\dotnet\sdk\5.0.203\Extensions\Microsoft.TestPlatform.TestHostRuntimeProvider.dll
C:\Program Files\dotnet\sdk\5.0.203\Extensions\Microsoft.VisualStudio.TestPlatform.Extensions.Html.TestLogger.dll
C:\Program Files\dotnet\sdk\5.0.203\Extensions\Microsoft.VisualStudio.TestPlatform.Extensions.Trx.TestLogger.dll
TpTrace Verbose: 0 : 23364, 1, 2022/01/09, 21:27:38.184, 9105143852546, vstest.console.dll, TestPluginCache.GetExtensionPaths: Added unfilterableExtensionPaths: 
TpTrace Verbose: 0 : 23364, 1, 2022/01/09, 21:27:38.184, 9105143852910, vstest.console.dll, TestPluginCache.DiscoverTestExtensions: Discovering the extensions using allExtensionPaths: C:\Program Files\dotnet\sdk\5.0.203\Extensions\Microsoft.Diagnostics.NETCore.Client.dll
C:\Program Files\dotnet\sdk\5.0.203\Extensions\Microsoft.TestPlatform.Extensions.BlameDataCollector.dll
C:\Program Files\dotnet\sdk\5.0.203\Extensions\Microsoft.TestPlatform.Extensions.EventLogCollector.dll
C:\Program Files\dotnet\sdk\5.0.203\Extensions\Microsoft.TestPlatform.TestHostRuntimeProvider.dll
C:\Program Files\dotnet\sdk\5.0.203\Extensions\Microsoft.VisualStudio.TestPlatform.Extensions.Html.TestLogger.dll
C:\Program Files\dotnet\sdk\5.0.203\Extensions\Microsoft.VisualStudio.TestPlatform.Extensions.Trx.TestLogger.dll
TpTrace Information: 0 : 23364, 1, 2022/01/09, 21:27:38.184, 9105143854063, vstest.console.dll, AssemblyResolver.AddSearchDirectories: Adding more searchDirectories C:\Program Files\dotnet\sdk\5.0.203\Extensions,C:\Program Files\dotnet\sdk\5.0.203
TpTrace Information: 0 : 23364, 1, 2022/01/09, 21:27:38.185, 9105143854503, vstest.console.dll, AssemblyResolver.AddSearchDirectories: Adding more searchDirectories C:\Program Files\dotnet\sdk\5.0.203\Extensions,C:\Program Files\dotnet\sdk\5.0.203
TpTrace Information: 0 : 23364, 1, 2022/01/09, 21:27:38.185, 9105143854793, vstest.console.dll, AssemblyResolver.AddSearchDirectories: Adding more searchDirectories C:\Program Files\dotnet\sdk\5.0.203\Extensions,C:\Program Files\dotnet\sdk\5.0.203
TpTrace Information: 0 : 23364, 1, 2022/01/09, 21:27:38.185, 9105143854991, vstest.console.dll, AssemblyResolver.AddSearchDirectories: Adding more searchDirectories C:\Program Files\dotnet\sdk\5.0.203\Extensions,C:\Program Files\dotnet\sdk\5.0.203
TpTrace Information: 0 : 23364, 1, 2022/01/09, 21:27:38.185, 9105143855174, vstest.console.dll, AssemblyResolver.AddSearchDirectories: Adding more searchDirectories C:\Program Files\dotnet\sdk\5.0.203\Extensions,C:\Program Files\dotnet\sdk\5.0.203
TpTrace Information: 0 : 23364, 1, 2022/01/09, 21:27:38.185, 9105143855351, vstest.console.dll, AssemblyResolver.AddSearchDirectories: Adding more searchDirectories C:\Program Files\dotnet\sdk\5.0.203\Extensions,C:\Program Files\dotnet\sdk\5.0.203
TpTrace Information: 0 : 23364, 1, 2022/01/09, 21:27:38.185, 9105143857865, vstest.console.dll, AssemblyResolver.OnResolve: Microsoft.Diagnostics.NETCore.Client: Resolving assembly.
TpTrace Information: 0 : 23364, 1, 2022/01/09, 21:27:38.186, 9105143870171, vstest.console.dll, AssemblyResolver.OnResolve: Resolved assembly: Microsoft.Diagnostics.NETCore.Client, from path: C:\Program Files\dotnet\sdk\5.0.203\Extensions\Microsoft.Diagnostics.NETCore.Client.dll
TpTrace Information: 0 : 23364, 1, 2022/01/09, 21:27:38.188, 9105143889322, vstest.console.dll, AssemblyResolver.OnResolve: Microsoft.Bcl.AsyncInterfaces: Resolving assembly.
TpTrace Information: 0 : 23364, 1, 2022/01/09, 21:27:38.188, 9105143891213, vstest.console.dll, AssemblyResolver.OnResolve: Microsoft.Bcl.AsyncInterfaces: Failed to load assembly.
TpTrace Verbose: 0 : 23364, 1, 2022/01/09, 21:27:38.188, 9105143891550, vstest.console.dll, CurrentDomain_AssemblyResolve: Resolving assembly 'Microsoft.Bcl.AsyncInterfaces'.
TpTrace Information: 0 : 23364, 1, 2022/01/09, 21:27:38.188, 9105143892050, vstest.console.dll, AssemblyResolver.OnResolve: Microsoft.Bcl.AsyncInterfaces: Resolving assembly.
TpTrace Information: 0 : 23364, 1, 2022/01/09, 21:27:38.188, 9105143892318, vstest.console.dll, AssemblyResolver.OnResolve: Microsoft.Bcl.AsyncInterfaces: Resolved from cache.
TpTrace Verbose: 0 : 23364, 1, 2022/01/09, 21:27:38.188, 9105143892515, vstest.console.dll, CurrentDomain_AssemblyResolve: Resolving assembly 'Microsoft.Bcl.AsyncInterfaces'.
TpTrace Verbose: 0 : 23364, 1, 2022/01/09, 21:27:38.188, 9105143892756, vstest.console.dll, CurrentDomainAssemblyResolve: Failed to resolve assembly 'Microsoft.Bcl.AsyncInterfaces'.
TpTrace Verbose: 0 : 23364, 1, 2022/01/09, 21:27:38.189, 9105143897440, vstest.console.dll, CurrentDomainAssemblyResolve: Failed to resolve assembly 'Microsoft.Bcl.AsyncInterfaces'.
TpTrace Warning: 0 : 23364, 1, 2022/01/09, 21:27:38.200, 9105144004875, vstest.console.dll, TestPluginDiscoverer: Failed to get types from assembly 'Microsoft.Diagnostics.NETCore.Client, Version=0.2.2.41902, Culture=neutral, PublicKeyToken=31bf3856ad364e35'.  Skipping test extension scan for this assembly.  Error: System.Reflection.ReflectionTypeLoadException: Unable to load one or more of the requested types.
Could not load file or assembly 'Microsoft.Bcl.AsyncInterfaces, Version=1.0.0.0, Culture=neutral, PublicKeyToken=cc7b13ffcd2ddd51'. The system cannot find the file specified.
   at System.Reflection.RuntimeModule.GetTypes(RuntimeModule module)
   at System.Reflection.RuntimeModule.GetTypes()
   at System.Reflection.Assembly.GetTypes()
   at Microsoft.VisualStudio.TestPlatform.Common.ExtensionFramework.TestPluginDiscoverer.GetTestExtensionsFromAssembly[TPluginInfo,TExtension](Assembly assembly, Dictionary`2 pluginInfos)
System.IO.FileNotFoundException: Could not load file or assembly 'Microsoft.Bcl.AsyncInterfaces, Version=1.0.0.0, Culture=neutral, PublicKeyToken=cc7b13ffcd2ddd51'. The system cannot find the file specified.
File name: 'Microsoft.Bcl.AsyncInterfaces, Version=1.0.0.0, Culture=neutral, PublicKeyToken=cc7b13ffcd2ddd51'
TpTrace Warning: 0 : 23364, 1, 2022/01/09, 21:27:38.200, 9105144006317, vstest.console.dll, LoaderExceptions: System.IO.FileNotFoundException: Could not load file or assembly 'Microsoft.Bcl.AsyncInterfaces, Version=1.0.0.0, Culture=neutral, PublicKeyToken=cc7b13ffcd2ddd51'. The system cannot find the file specified.
File name: 'Microsoft.Bcl.AsyncInterfaces, Version=1.0.0.0, Culture=neutral, PublicKeyToken=cc7b13ffcd2ddd51'
TpTrace Information: 0 : 23364, 1, 2022/01/09, 21:27:38.200, 9105144007231, vstest.console.dll, AssemblyResolver.OnResolve: Microsoft.TestPlatform.Extensions.BlameDataCollector: Resolving assembly.
TpTrace Information: 0 : 23364, 1, 2022/01/09, 21:27:38.201, 9105144016004, vstest.console.dll, AssemblyResolver.OnResolve: Resolved assembly: Microsoft.TestPlatform.Extensions.BlameDataCollector, from path: C:\Program Files\dotnet\sdk\5.0.203\Extensions\Microsoft.TestPlatform.Extensions.BlameDataCollector.dll
TpTrace Information: 0 : 23364, 1, 2022/01/09, 21:27:38.201, 9105144020913, vstest.console.dll, AssemblyResolver.OnResolve: Microsoft.TestPlatform.Extensions.EventLogCollector: Resolving assembly.
TpTrace Information: 0 : 23364, 1, 2022/01/09, 21:27:38.202, 9105144028878, vstest.console.dll, AssemblyResolver.OnResolve: Resolved assembly: Microsoft.TestPlatform.Extensions.EventLogCollector, from path: C:\Program Files\dotnet\sdk\5.0.203\Extensions\Microsoft.TestPlatform.Extensions.EventLogCollector.dll
TpTrace Information: 0 : 23364, 1, 2022/01/09, 21:27:38.203, 9105144040532, vstest.console.dll, AssemblyResolver.OnResolve: Microsoft.TestPlatform.TestHostRuntimeProvider: Resolving assembly.
TpTrace Information: 0 : 23364, 1, 2022/01/09, 21:27:38.204, 9105144047156, vstest.console.dll, AssemblyResolver.OnResolve: Resolved assembly: Microsoft.TestPlatform.TestHostRuntimeProvider, from path: C:\Program Files\dotnet\sdk\5.0.203\Extensions\Microsoft.TestPlatform.TestHostRuntimeProvider.dll
TpTrace Information: 0 : 23364, 1, 2022/01/09, 21:27:38.205, 9105144055058, vstest.console.dll, AssemblyResolver.OnResolve: Microsoft.VisualStudio.TestPlatform.Extensions.Html.TestLogger: Resolving assembly.
TpTrace Information: 0 : 23364, 1, 2022/01/09, 21:27:38.206, 9105144065380, vstest.console.dll, AssemblyResolver.OnResolve: Resolved assembly: Microsoft.VisualStudio.TestPlatform.Extensions.Html.TestLogger, from path: C:\Program Files\dotnet\sdk\5.0.203\Extensions\Microsoft.VisualStudio.TestPlatform.Extensions.Html.TestLogger.dll
TpTrace Information: 0 : 23364, 1, 2022/01/09, 21:27:38.206, 9105144069062, vstest.console.dll, AssemblyResolver.OnResolve: Microsoft.VisualStudio.TestPlatform.Extensions.Trx.TestLogger: Resolving assembly.
TpTrace Information: 0 : 23364, 1, 2022/01/09, 21:27:38.207, 9105144079172, vstest.console.dll, AssemblyResolver.OnResolve: Resolved assembly: Microsoft.VisualStudio.TestPlatform.Extensions.Trx.TestLogger, from path: C:\Program Files\dotnet\sdk\5.0.203\Extensions\Microsoft.VisualStudio.TestPlatform.Extensions.Trx.TestLogger.dll
TpTrace Verbose: 0 : 23364, 1, 2022/01/09, 21:27:38.208, 9105144084857, vstest.console.dll, TestPluginCache: Discovered the extensions using extension path ''.
TpTrace Verbose: 0 : 23364, 1, 2022/01/09, 21:27:38.208, 9105144085349, vstest.console.dll, TestPluginCache: Discoverers are ''.
TpTrace Verbose: 0 : 23364, 1, 2022/01/09, 21:27:38.208, 9105144085535, vstest.console.dll, TestPluginCache: Executors are ''.
TpTrace Verbose: 0 : 23364, 1, 2022/01/09, 21:27:38.208, 9105144085731, vstest.console.dll, TestPluginCache: Executors2 are ''.
TpTrace Verbose: 0 : 23364, 1, 2022/01/09, 21:27:38.208, 9105144085949, vstest.console.dll, TestPluginCache: Setting providers are ''.
TpTrace Verbose: 0 : 23364, 1, 2022/01/09, 21:27:38.208, 9105144086183, vstest.console.dll, TestPluginCache: Loggers are ''.
TpTrace Information: 0 : 23364, 1, 2022/01/09, 21:27:38.211, 9105144118093, vstest.console.dll, RunTestsArgumentProcessor:Execute: Test run is starting.
TpTrace Verbose: 0 : 23364, 1, 2022/01/09, 21:27:38.211, 9105144118611, vstest.console.dll, RunTestsArgumentProcessor:Execute: Queuing Test run.
TpTrace Information: 0 : 23364, 1, 2022/01/09, 21:27:38.211, 9105144119829, vstest.console.dll, TestRequestManager.RunTests: run tests started.
TpTrace Information: 0 : 23364, 1, 2022/01/09, 21:27:38.213, 9105144139440, vstest.console.dll, AssemblyMetadataProvider.GetFrameWork: Determined framework:'.NETCoreApp,Version=v5.0' for source: 'E:\REIKALINGI FAILAI\TechnineUzduotis\TechninėUžduotisPresentConnection\UnitTests\bin\Debug\net5.0\fine-code-coverage\build-output\UnitTests.dll'
TpTrace Information: 0 : 23364, 1, 2022/01/09, 21:27:38.213, 9105144140367, vstest.console.dll, Determined framework for all sources: .NETCoreApp,Version=v5.0
TpTrace Information: 0 : 23364, 1, 2022/01/09, 21:27:38.213, 9105144142845, vstest.console.dll, AssemblyMetadataProvider.GetArchitecture: Determined architecture:AnyCPU info for assembly: E:\REIKALINGI FAILAI\TechnineUzduotis\TechninėUžduotisPresentConnection\UnitTests\bin\Debug\net5.0\fine-code-coverage\build-output\UnitTests.dll
TpTrace Information: 0 : 23364, 1, 2022/01/09, 21:27:38.215, 9105144155579, vstest.console.dll, Determined platform for all sources: X64
TpTrace Information: 0 : 23364, 1, 2022/01/09, 21:27:38.216, 9105144173398, vstest.console.dll, Compatible sources list : 
TpTrace Information: 0 : 23364, 1, 2022/01/09, 21:27:38.216, 9105144173980, vstest.console.dll, E:\REIKALINGI FAILAI\TechnineUzduotis\TechninėUžduotisPresentConnection\UnitTests\bin\Debug\net5.0\fine-code-coverage\build-output\UnitTests.dll
TpTrace Information: 0 : 23364, 1, 2022/01/09, 21:27:38.218, 9105144187298, vstest.console.dll, InferRunSettingsHelper.IsTestSettingsEnabled: Unable to navigate to RunSettings/MSTest. Current node: RunSettings
TpTrace Information: 0 : 23364, 1, 2022/01/09, 21:27:38.218, 9105144191438, vstest.console.dll, AssemblyResolver.OnResolve: Microsoft.VisualStudio.TestPlatform.Fakes: Resolving assembly.
TpTrace Information: 0 : 23364, 1, 2022/01/09, 21:27:38.218, 9105144193225, vstest.console.dll, AssemblyResolver.OnResolve: Microsoft.VisualStudio.TestPlatform.Fakes: Failed to load assembly.
TpTrace Information: 0 : 23364, 1, 2022/01/09, 21:27:38.219, 9105144195791, vstest.console.dll, Failed to create newly implemented Fakes Configurator. Reason:System.IO.FileNotFoundException: Could not load file or assembly 'Microsoft.VisualStudio.TestPlatform.Fakes, Version=16.0.0.0, Culture=neutral, PublicKeyToken=null'. The system cannot find the file specified.
File name: 'Microsoft.VisualStudio.TestPlatform.Fakes, Version=16.0.0.0, Culture=neutral, PublicKeyToken=null'
   at System.Reflection.RuntimeAssembly.InternalLoad(ObjectHandleOnStack assemblyName, ObjectHandleOnStack requestingAssembly, StackCrawlMarkHandle stackMark, Boolean throwOnFileNotFound, ObjectHandleOnStack assemblyLoadContext, ObjectHandleOnStack retAssembly)
   at System.Reflection.RuntimeAssembly.InternalLoad(AssemblyName assemblyName, RuntimeAssembly requestingAssembly, StackCrawlMark& stackMark, Boolean throwOnFileNotFound, AssemblyLoadContext assemblyLoadContext)
   at System.Reflection.Assembly.Load(AssemblyName assemblyRef)
   at Microsoft.VisualStudio.TestPlatform.Common.Utilities.FakesUtilities.TryGetFakesCrossPlatformDataCollectorConfigurator() 
TpTrace Verbose: 0 : 23364, 1, 2022/01/09, 21:27:38.221, 9105144218466, vstest.console.dll, TestPluginCache.DiscoverTestExtensions: finding test extensions in assemblies ends with: TestLogger.dll TPluginInfo: Microsoft.VisualStudio.TestPlatform.Common.ExtensionFramework.Utilities.TestLoggerPluginInformation TExtension: Microsoft.VisualStudio.TestPlatform.ObjectModel.Client.ITestLogger
TpTrace Verbose: 0 : 23364, 1, 2022/01/09, 21:27:38.221, 9105144219605, vstest.console.dll, TestPluginCache.GetExtensionPaths: Filtered extension paths: 
TpTrace Verbose: 0 : 23364, 1, 2022/01/09, 21:27:38.221, 9105144219928, vstest.console.dll, TestPluginCache.GetExtensionPaths: Added default extension paths: C:\Program Files\dotnet\sdk\5.0.203\Extensions\Microsoft.Diagnostics.NETCore.Client.dll
C:\Program Files\dotnet\sdk\5.0.203\Extensions\Microsoft.TestPlatform.Extensions.BlameDataCollector.dll
C:\Program Files\dotnet\sdk\5.0.203\Extensions\Microsoft.TestPlatform.Extensions.EventLogCollector.dll
C:\Program Files\dotnet\sdk\5.0.203\Extensions\Microsoft.TestPlatform.TestHostRuntimeProvider.dll
C:\Program Files\dotnet\sdk\5.0.203\Extensions\Microsoft.VisualStudio.TestPlatform.Extensions.Html.TestLogger.dll
C:\Program Files\dotnet\sdk\5.0.203\Extensions\Microsoft.VisualStudio.TestPlatform.Extensions.Trx.TestLogger.dll
TpTrace Verbose: 0 : 23364, 1, 2022/01/09, 21:27:38.221, 9105144220223, vstest.console.dll, TestPluginCache.GetExtensionPaths: Added unfilterableExtensionPaths: 
TpTrace Information: 0 : 23364, 1, 2022/01/09, 21:27:38.221, 9105144221625, vstest.console.dll, AssemblyResolver.AddSearchDirectories: Adding more searchDirectories C:\Program Files\dotnet\sdk\5.0.203\Extensions,C:\Program Files\dotnet\sdk\5.0.203
TpTrace Verbose: 0 : 23364, 1, 2022/01/09, 21:27:38.221, 9105144222204, vstest.console.dll, TestPluginCache.DiscoverTestExtensions: Discovering the extensions using extension path.
TpTrace Verbose: 0 : 23364, 1, 2022/01/09, 21:27:38.221, 9105144222520, vstest.console.dll, TestPluginCache.GetExtensionPaths: Filtered extension paths: 
TpTrace Verbose: 0 : 23364, 1, 2022/01/09, 21:27:38.221, 9105144222786, vstest.console.dll, TestPluginCache.GetExtensionPaths: Added default extension paths: C:\Program Files\dotnet\sdk\5.0.203\Extensions\Microsoft.Diagnostics.NETCore.Client.dll
C:\Program Files\dotnet\sdk\5.0.203\Extensions\Microsoft.TestPlatform.Extensions.BlameDataCollector.dll
C:\Program Files\dotnet\sdk\5.0.203\Extensions\Microsoft.TestPlatform.Extensions.EventLogCollector.dll
C:\Program Files\dotnet\sdk\5.0.203\Extensions\Microsoft.TestPlatform.TestHostRuntimeProvider.dll
C:\Program Files\dotnet\sdk\5.0.203\Extensions\Microsoft.VisualStudio.TestPlatform.Extensions.Html.TestLogger.dll
C:\Program Files\dotnet\sdk\5.0.203\Extensions\Microsoft.VisualStudio.TestPlatform.Extensions.Trx.TestLogger.dll
TpTrace Verbose: 0 : 23364, 1, 2022/01/09, 21:27:38.221, 9105144223098, vstest.console.dll, TestPluginCache.GetExtensionPaths: Added unfilterableExtensionPaths: 
TpTrace Verbose: 0 : 23364, 1, 2022/01/09, 21:27:38.221, 9105144223451, vstest.console.dll, TestPluginCache.DiscoverTestExtensions: Discovering the extensions using allExtensionPaths: C:\Program Files\dotnet\sdk\5.0.203\Extensions\Microsoft.Diagnostics.NETCore.Client.dll
C:\Program Files\dotnet\sdk\5.0.203\Extensions\Microsoft.TestPlatform.Extensions.BlameDataCollector.dll
C:\Program Files\dotnet\sdk\5.0.203\Extensions\Microsoft.TestPlatform.Extensions.EventLogCollector.dll
C:\Program Files\dotnet\sdk\5.0.203\Extensions\Microsoft.TestPlatform.TestHostRuntimeProvider.dll
C:\Program Files\dotnet\sdk\5.0.203\Extensions\Microsoft.VisualStudio.TestPlatform.Extensions.Html.TestLogger.dll
C:\Program Files\dotnet\sdk\5.0.203\Extensions\Microsoft.VisualStudio.TestPlatform.Extensions.Trx.TestLogger.dll
TpTrace Information: 0 : 23364, 1, 2022/01/09, 21:27:38.221, 9105144223874, vstest.console.dll, AssemblyResolver.AddSearchDirectories: Adding more searchDirectories C:\Program Files\dotnet\sdk\5.0.203\Extensions,C:\Program Files\dotnet\sdk\5.0.203
TpTrace Information: 0 : 23364, 1, 2022/01/09, 21:27:38.221, 9105144224172, vstest.console.dll, AssemblyResolver.AddSearchDirectories: Adding more searchDirectories C:\Program Files\dotnet\sdk\5.0.203\Extensions,C:\Program Files\dotnet\sdk\5.0.203
TpTrace Information: 0 : 23364, 1, 2022/01/09, 21:27:38.221, 9105144224438, vstest.console.dll, AssemblyResolver.AddSearchDirectories: Adding more searchDirectories C:\Program Files\dotnet\sdk\5.0.203\Extensions,C:\Program Files\dotnet\sdk\5.0.203
TpTrace Information: 0 : 23364, 1, 2022/01/09, 21:27:38.222, 9105144224778, vstest.console.dll, AssemblyResolver.AddSearchDirectories: Adding more searchDirectories C:\Program Files\dotnet\sdk\5.0.203\Extensions,C:\Program Files\dotnet\sdk\5.0.203
TpTrace Information: 0 : 23364, 1, 2022/01/09, 21:27:38.222, 9105144225005, vstest.console.dll, AssemblyResolver.AddSearchDirectories: Adding more searchDirectories C:\Program Files\dotnet\sdk\5.0.203\Extensions,C:\Program Files\dotnet\sdk\5.0.203
TpTrace Information: 0 : 23364, 1, 2022/01/09, 21:27:38.222, 9105144225224, vstest.console.dll, AssemblyResolver.AddSearchDirectories: Adding more searchDirectories C:\Program Files\dotnet\sdk\5.0.203\Extensions,C:\Program Files\dotnet\sdk\5.0.203
TpTrace Information: 0 : 23364, 1, 2022/01/09, 21:27:38.222, 9105144227090, vstest.console.dll, AssemblyResolver.OnResolve: Microsoft.Bcl.AsyncInterfaces: Resolving assembly.
TpTrace Information: 0 : 23364, 1, 2022/01/09, 21:27:38.222, 9105144227378, vstest.console.dll, AssemblyResolver.OnResolve: Microsoft.Bcl.AsyncInterfaces: Resolved from cache.
TpTrace Verbose: 0 : 23364, 1, 2022/01/09, 21:27:38.222, 9105144227583, vstest.console.dll, CurrentDomain_AssemblyResolve: Resolving assembly 'Microsoft.Bcl.AsyncInterfaces'.
TpTrace Information: 0 : 23364, 1, 2022/01/09, 21:27:38.222, 9105144227922, vstest.console.dll, AssemblyResolver.OnResolve: Microsoft.Bcl.AsyncInterfaces: Resolving assembly.
TpTrace Information: 0 : 23364, 1, 2022/01/09, 21:27:38.222, 9105144228128, vstest.console.dll, AssemblyResolver.OnResolve: Microsoft.Bcl.AsyncInterfaces: Resolved from cache.
TpTrace Verbose: 0 : 23364, 1, 2022/01/09, 21:27:38.222, 9105144228388, vstest.console.dll, CurrentDomain_AssemblyResolve: Resolving assembly 'Microsoft.Bcl.AsyncInterfaces'.
TpTrace Verbose: 0 : 23364, 1, 2022/01/09, 21:27:38.222, 9105144228561, vstest.console.dll, CurrentDomainAssemblyResolve: Failed to resolve assembly 'Microsoft.Bcl.AsyncInterfaces'.
TpTrace Verbose: 0 : 23364, 1, 2022/01/09, 21:27:38.222, 9105144229638, vstest.console.dll, CurrentDomainAssemblyResolve: Failed to resolve assembly 'Microsoft.Bcl.AsyncInterfaces'.
TpTrace Warning: 0 : 23364, 1, 2022/01/09, 21:27:38.222, 9105144231784, vstest.console.dll, TestPluginDiscoverer: Failed to get types from assembly 'Microsoft.Diagnostics.NETCore.Client, Version=0.2.2.41902, Culture=neutral, PublicKeyToken=31bf3856ad364e35'.  Skipping test extension scan for this assembly.  Error: System.Reflection.ReflectionTypeLoadException: Unable to load one or more of the requested types.
Could not load file or assembly 'Microsoft.Bcl.AsyncInterfaces, Version=1.0.0.0, Culture=neutral, PublicKeyToken=cc7b13ffcd2ddd51'. The system cannot find the file specified.
   at System.Reflection.RuntimeModule.GetTypes(RuntimeModule module)
   at System.Reflection.RuntimeModule.GetTypes()
   at System.Reflection.Assembly.GetTypes()
   at Microsoft.VisualStudio.TestPlatform.Common.ExtensionFramework.TestPluginDiscoverer.GetTestExtensionsFromAssembly[TPluginInfo,TExtension](Assembly assembly, Dictionary`2 pluginInfos)
System.IO.FileNotFoundException: Could not load file or assembly 'Microsoft.Bcl.AsyncInterfaces, Version=1.0.0.0, Culture=neutral, PublicKeyToken=cc7b13ffcd2ddd51'. The system cannot find the file specified.
File name: 'Microsoft.Bcl.AsyncInterfaces, Version=1.0.0.0, Culture=neutral, PublicKeyToken=cc7b13ffcd2ddd51'
TpTrace Warning: 0 : 23364, 1, 2022/01/09, 21:27:38.222, 9105144232314, vstest.console.dll, LoaderExceptions: System.IO.FileNotFoundException: Could not load file or assembly 'Microsoft.Bcl.AsyncInterfaces, Version=1.0.0.0, Culture=neutral, PublicKeyToken=cc7b13ffcd2ddd51'. The system cannot find the file specified.
File name: 'Microsoft.Bcl.AsyncInterfaces, Version=1.0.0.0, Culture=neutral, PublicKeyToken=cc7b13ffcd2ddd51'
TpTrace Verbose: 0 : 23364, 1, 2022/01/09, 21:27:38.223, 9105144234832, vstest.console.dll, TestPluginCache: Discovered the extensions using extension path ''.
TpTrace Verbose: 0 : 23364, 1, 2022/01/09, 21:27:38.223, 9105144235187, vstest.console.dll, TestPluginCache: Discoverers are ''.
TpTrace Verbose: 0 : 23364, 1, 2022/01/09, 21:27:38.223, 9105144235360, vstest.console.dll, TestPluginCache: Executors are ''.
TpTrace Verbose: 0 : 23364, 1, 2022/01/09, 21:27:38.223, 9105144235526, vstest.console.dll, TestPluginCache: Executors2 are ''.
TpTrace Verbose: 0 : 23364, 1, 2022/01/09, 21:27:38.223, 9105144235707, vstest.console.dll, TestPluginCache: Setting providers are ''.
TpTrace Verbose: 0 : 23364, 1, 2022/01/09, 21:27:38.223, 9105144236181, vstest.console.dll, TestPluginCache: Loggers are 'logger://Microsoft/TestPlatform/Extensions/Blame/v1,logger://Microsoft/TestPlatform/HtmlLogger/v1,logger://Microsoft/TestPlatform/TrxLogger/v1'.
TpTrace Information: 0 : 23364, 1, 2022/01/09, 21:27:38.223, 9105144240409, vstest.console.dll, TestPluginManager.CreateTestExtension: Attempting to load test extension: Microsoft.TestPlatform.Extensions.BlameDataCollector.BlameLogger
TpTrace Information: 0 : 23364, 1, 2022/01/09, 21:27:38.229, 9105144298071, vstest.console.dll, TestPluginManager.CreateTestExtension: Attempting to load test extension: Microsoft.VisualStudio.TestPlatform.CrossPlatEngine.Hosting.DefaultTestHostManager
TpTrace Information: 0 : 23364, 1, 2022/01/09, 21:27:38.229, 9105144300109, vstest.console.dll, TestPluginManager.CreateTestExtension: Attempting to load test extension: Microsoft.VisualStudio.TestPlatform.CrossPlatEngine.Hosting.DotnetTestHostManager
TpTrace Verbose: 0 : 23364, 1, 2022/01/09, 21:27:38.229, 9105144303474, vstest.console.dll, TestEngine: Initializing Parallel Execution as MaxCpuCount is set to: 1
TpTrace Information: 0 : 23364, 1, 2022/01/09, 21:27:38.230, 9105144306990, vstest.console.dll, InferRunSettingsHelper.IsTestSettingsEnabled: Unable to navigate to RunSettings/MSTest. Current node: RunSettings
TpTrace Verbose: 0 : 23364, 1, 2022/01/09, 21:27:38.238, 9105144389012, vstest.console.dll, TestRequestSender is acting as server
TpTrace Verbose: 0 : 23364, 4, 2022/01/09, 21:27:38.240, 9105144409818, vstest.console.dll, DataCollectionRequestSender.InitializeCommunication : Initialize communication. 
TpTrace Information: 0 : 23364, 4, 2022/01/09, 21:27:38.247, 9105144479128, vstest.console.dll, Listening on Endpoint : 127.0.0.1:52950
TpTrace Verbose: 0 : 23364, 4, 2022/01/09, 21:27:38.254, 9105144550600, vstest.console.dll, DotnetDataCollectionLauncher: Full path of dotnet.exe is C:\Program Files\dotnet\dotnet.exe
TpTrace Verbose: 0 : 23364, 4, 2022/01/09, 21:27:38.254, 9105144551817, vstest.console.dll, DotnetDataCollectionLauncher: Adding  --runtimeconfig "C:\Program Files\dotnet\sdk\5.0.203\datacollector.runtimeconfig.json" in args
TpTrace Verbose: 0 : 23364, 4, 2022/01/09, 21:27:38.254, 9105144552429, vstest.console.dll, DotnetDataCollectionLauncher: Adding  --depsfile "C:\Program Files\dotnet\sdk\5.0.203\datacollector.deps.json" in args
TpTrace Information: 0 : 23364, 4, 2022/01/09, 21:27:38.260, 9105144605452, vstest.console.dll, ProxyDataCollectionManager.Initialize: Launched datacollector processId: 45916 port: 52950
TpTrace Information: 0 : 23364, 4, 2022/01/09, 21:27:38.260, 9105144606582, vstest.console.dll, ProxyDataCollectionManager.Initialize: waiting for connection with timeout: 90 seconds
TpTrace Verbose: 0 : 23364, 4, 2022/01/09, 21:27:38.260, 9105144606922, vstest.console.dll, DataCollectionRequestSender.WaitForRequestHandlerConnection : Waiting for connection with timeout: 90000
TpTrace Information: 0 : 23364, 7, 2022/01/09, 21:27:38.366, 9105145672442, vstest.console.dll, Using the buffer size of 16384 bytes
TpTrace Verbose: 0 : 23364, 4, 2022/01/09, 21:27:38.366, 9105145672741, vstest.console.dll, ProxyDataCollectionManager.InvokeDataCollectionServiceAction: Starting.
TpTrace Information: 0 : 23364, 7, 2022/01/09, 21:27:38.366, 9105145673194, vstest.console.dll, Accepted Client request and set the flag
TpTrace Information: 0 : 23364, 4, 2022/01/09, 21:27:38.366, 9105145673839, vstest.console.dll, ProxyDataCollectionManager.BeforeTestRunStart: Get environment variable and port for datacollector processId: 45916 port: 52950
TpTrace Verbose: 0 : 23364, 4, 2022/01/09, 21:27:38.367, 9105145674542, vstest.console.dll, DataCollectionRequestSender.SendBeforeTestRunStartAndGetResult : Send BeforeTestRunStart message with settingsXml <RunSettings><RunConfiguration><ResultsDirectory>E:\REIKALINGI FAILAI\TechnineUzduotis\TechninėUžduotisPresentConnection\UnitTests\bin\Debug\net5.0\fine-code-coverage\coverage-tool-output</ResultsDirectory><TargetPlatform>X64</TargetPlatform><TargetFrameworkVersion>.NETCoreApp,Version=v5.0</TargetFrameworkVersion><DesignMode>False</DesignMode><CollectSourceInformation>False</CollectSourceInformation><TestAdaptersPaths>C:\Program Files\dotnet\sdk\5.0.203\Extensions</TestAdaptersPaths></RunConfiguration><LoggerRunSettings><Loggers><Logger friendlyName="blame" enabled="True" /><Logger friendlyName="Console" uri="logger://microsoft/TestPlatform/ConsoleLogger/v1" assemblyQualifiedName="Microsoft.VisualStudio.TestPlatform.CommandLine.Internal.ConsoleLogger, vstest.console, Version=15.0.0.0, Culture=neutral, PublicKeyToken=b03f5f7f11d50a3a" codeBase="C:\Program Files\dotnet\sdk\5.0.203\vstest.console.dll" enabled="True" /></Loggers></LoggerRunSettings><DataCollectionRunSettings><DataCollectors><DataCollector friendlyName="blame" enabled="True"><Configuration><ResultsDirectory>E:\REIKALINGI FAILAI\TechnineUzduotis\TechninėUžduotisPresentConnection\UnitTests\bin\Debug\net5.0\fine-code-coverage\coverage-tool-output</ResultsDirectory></Configuration></DataCollector></DataCollectors></DataCollectionRunSettings></RunSettings> and sources System.Linq.Enumerable+Concat2Iterator`1[System.String]: 
TpTrace Verbose: 0 : 23364, 4, 2022/01/09, 21:27:38.412, 9105146132800, vstest.console.dll, DataCollectionRequestSender.SendBeforeTestRunStartAndGetResult : Received message: (DataCollection.SendMessage) -> {
  "FriendlyName": null,
  "Uri": null,
  "TestCaseId": "00000000-0000-0000-0000-000000000000",
  "Message": "Logging DataCollector Diagnostics in file: E:\\REIKALINGI FAILAI\\TechnineUzduotis\\TechninėUžduotisPresentConnection\\UnitTests\\bin\\Debug\\net5.0\\fine-code-coverage\\coverage-tool-output\\diagnostics.datacollector.22-01-09_21-27-38_25144_4.log",
  "Level": 0
}
TpTrace Verbose: 0 : 23364, 4, 2022/01/09, 21:27:38.456, 9105146570435, vstest.console.dll, DataCollectionRequestSender.SendBeforeTestRunStartAndGetResult : Received message: (DataCollection.BeforeTestRunStartResult) -> {
  "EnvironmentVariables": {},
  "DataCollectionEventsPort": 52952
}
TpTrace Information: 0 : 23364, 4, 2022/01/09, 21:27:38.459, 9105146599023, vstest.console.dll, ProxyDataCollectionManager.BeforeTestRunStart: SendBeforeTestRunStartAndGetResult successful, env variable from datacollector:   and testhost port: 52952
TpTrace Information: 0 : 23364, 4, 2022/01/09, 21:27:38.459, 9105146599668, vstest.console.dll, ProxyDataCollectionManager.InvokeDataCollectionServiceAction: Completed.
TpTrace Verbose: 0 : 23364, 1, 2022/01/09, 21:27:38.459, 9105146600480, vstest.console.dll, TestRunRequest.ExecuteAsync: Creating test run request.
TpTrace Verbose: 0 : 23364, 1, 2022/01/09, 21:27:38.459, 9105146602377, vstest.console.dll, TestRunRequest.ExecuteAsync: Starting.
TpTrace Information: 0 : 23364, 1, 2022/01/09, 21:27:38.459, 9105146604295, vstest.console.dll, TestRunRequest.ExecuteAsync: Starting run with settings:TestRunCriteria:
   KeepAlive=False,FrequencyOfRunStatsChangeEvent=10,RunStatsChangeEventTimeout=00:00:01.5000000,TestCaseFilter=,TestExecutorLauncher=
   Settingsxml=<RunSettings>
  <RunConfiguration>
    <ResultsDirectory>E:\REIKALINGI FAILAI\TechnineUzduotis\TechninėUžduotisPresentConnection\UnitTests\bin\Debug\net5.0\fine-code-coverage\coverage-tool-output</ResultsDirectory>
    <TargetPlatform>X64</TargetPlatform>
    <TargetFrameworkVersion>.NETCoreApp,Version=v5.0</TargetFrameworkVersion>
    <DesignMode>False</DesignMode>
    <CollectSourceInformation>False</CollectSourceInformation>
  </RunConfiguration>
  <LoggerRunSettings>
    <Loggers>
      <Logger friendlyName="blame" enabled="True" />
      <Logger friendlyName="Console" uri="logger://microsoft/TestPlatform/ConsoleLogger/v1" assemblyQualifiedName="Microsoft.VisualStudio.TestPlatform.CommandLine.Internal.ConsoleLogger, vstest.console, Version=15.0.0.0, Culture=neutral, PublicKeyToken=b03f5f7f11d50a3a" codeBase="C:\Program Files\dotnet\sdk\5.0.203\vstest.console.dll" enabled="True" />
    </Loggers>
  </LoggerRunSettings>
  <DataCollectionRunSettings>
    <DataCollectors>
      <DataCollector friendlyName="blame" enabled="True">
        <Configuration>
          <ResultsDirectory>E:\REIKALINGI FAILAI\TechnineUzduotis\TechninėUžduotisPresentConnection\UnitTests\bin\Debug\net5.0\fine-code-coverage\coverage-tool-output</ResultsDirectory>
        </Configuration>
      </DataCollector>
    </DataCollectors>
  </DataCollectionRunSettings>
</RunSettings>

TpTrace Verbose: 0 : 23364, 1, 2022/01/09, 21:27:38.460, 9105146605257, vstest.console.dll, TestRunRequest.ExecuteAsync: Wait for the first run request is over.
TpTrace Verbose: 0 : 23364, 1, 2022/01/09, 21:27:38.460, 9105146608025, vstest.console.dll, ParallelProxyExecutionManager: Start execution. Total sources: 1
TpTrace Information: 0 : 23364, 1, 2022/01/09, 21:27:38.460, 9105146611545, vstest.console.dll, ProxyParallelExecutionManager: Triggering test run for next source: E:\REIKALINGI FAILAI\TechnineUzduotis\TechninėUžduotisPresentConnection\UnitTests\bin\Debug\net5.0\fine-code-coverage\build-output\UnitTests.dll
TpTrace Verbose: 0 : 23364, 4, 2022/01/09, 21:27:38.460, 9105146612484, vstest.console.dll, ParallelProxyExecutionManager: Execution started. Started clients: 1
TpTrace Verbose: 0 : 23364, 1, 2022/01/09, 21:27:38.460, 9105146612783, vstest.console.dll, ProxyParallelExecutionManager: No sources available for execution.
TpTrace Information: 0 : 23364, 1, 2022/01/09, 21:27:38.460, 9105146613137, vstest.console.dll, TestRunRequest.ExecuteAsync: Started.
TpTrace Verbose: 0 : 23364, 1, 2022/01/09, 21:27:38.460, 9105146613633, vstest.console.dll, TestRunRequest.WaitForCompletion: Waiting with timeout -1.
TpTrace Verbose: 0 : 23364, 4, 2022/01/09, 21:27:38.460, 9105146614158, vstest.console.dll, TestRunRequest:SendTestRunMessage: Starting.
TpTrace Information: 0 : 23364, 4, 2022/01/09, 21:27:38.461, 9105146614821, vstest.console.dll, TestRunRequest:SendTestRunMessage: Completed.
TpTrace Verbose: 0 : 23364, 4, 2022/01/09, 21:27:38.461, 9105146616035, vstest.console.dll, ProxyExecutionManager: Test host is always Lazy initialize.
TpTrace Verbose: 0 : 23364, 4, 2022/01/09, 21:27:38.461, 9105146617424, vstest.console.dll, TestRequestSender.InitializeCommunication: initialize communication. 
TpTrace Information: 0 : 23364, 4, 2022/01/09, 21:27:38.461, 9105146621362, vstest.console.dll, SocketServer.Start: Listening on endpoint : 127.0.0.1:52953
TpTrace Verbose: 0 : 23364, 4, 2022/01/09, 21:27:38.462, 9105146625628, vstest.console.dll, DotnetTestHostmanager: Adding  --runtimeconfig "E:\REIKALINGI FAILAI\TechnineUzduotis\TechninėUžduotisPresentConnection\UnitTests\bin\Debug\net5.0\fine-code-coverage\build-output\UnitTests.runtimeconfig.json" in args
TpTrace Verbose: 0 : 23364, 4, 2022/01/09, 21:27:38.462, 9105146626123, vstest.console.dll, DotnetTestHostmanager: Adding  --depsfile "E:\REIKALINGI FAILAI\TechnineUzduotis\TechninėUžduotisPresentConnection\UnitTests\bin\Debug\net5.0\fine-code-coverage\build-output\UnitTests.deps.json" in args
TpTrace Information: 0 : 23364, 4, 2022/01/09, 21:27:38.462, 9105146627744, vstest.console.dll, AssemblyResolver.OnResolve: Microsoft.Extensions.DependencyModel: Resolving assembly.
TpTrace Information: 0 : 23364, 4, 2022/01/09, 21:27:38.463, 9105146637046, vstest.console.dll, AssemblyResolver.OnResolve: Resolved assembly: Microsoft.Extensions.DependencyModel, from path: C:\Program Files\dotnet\sdk\5.0.203\Microsoft.Extensions.DependencyModel.dll
TpTrace Verbose: 0 : 23364, 4, 2022/01/09, 21:27:38.463, 9105146638645, vstest.console.dll, DotnetTestHostmanager: Reading file E:\REIKALINGI FAILAI\TechnineUzduotis\TechninėUžduotisPresentConnection\UnitTests\bin\Debug\net5.0\fine-code-coverage\build-output\UnitTests.deps.json to get path of testhost.dll
TpTrace Verbose: 0 : 23364, 4, 2022/01/09, 21:27:38.481, 9105146817089, vstest.console.dll, DotnetTestHostmanager: Relative path of testhost.dll with respect to package folder is microsoft.testplatform.testhost/16.5.0\lib/netcoreapp2.1/testhost.dll
TpTrace Verbose: 0 : 23364, 4, 2022/01/09, 21:27:38.482, 9105146829555, vstest.console.dll, DotnetTestHostmanager: Looking for path microsoft.testplatform.testhost/16.5.0\lib/netcoreapp2.1/testhost.dll in folder C:\Users\tomluk4\.dotnet\store\|arch|\|tfm|
TpTrace Verbose: 0 : 23364, 4, 2022/01/09, 21:27:38.482, 9105146830552, vstest.console.dll, DotnetTestHostmanager: Looking for path microsoft.testplatform.testhost/16.5.0\lib/netcoreapp2.1/testhost.dll in folder C:\Users\tomluk4\.nuget\packages
TpTrace Verbose: 0 : 23364, 4, 2022/01/09, 21:27:38.482, 9105146831992, vstest.console.dll, DotnetTestHostManager: Testhost.exe/testhost.x86.exe found at path: C:\Users\tomluk4\.nuget\packages\microsoft.testplatform.testhost\16.5.0\build\netcoreapp2.1\x64\testhost.exe
TpTrace Verbose: 0 : 23364, 4, 2022/01/09, 21:27:38.482, 9105146832388, vstest.console.dll, DotnetTestHostmanager: Full path of host exe is C:\Users\tomluk4\.nuget\packages\microsoft.testplatform.testhost\16.5.0\build\netcoreapp2.1\x64\testhost.exe
TpTrace Verbose: 0 : 23364, 6, 2022/01/09, 21:27:38.483, 9105146838378, vstest.console.dll, DotnetTestHostManager: Starting process 'C:\Users\tomluk4\.nuget\packages\microsoft.testplatform.testhost\16.5.0\build\netcoreapp2.1\x64\testhost.exe' with command line ' --runtimeconfig "E:\REIKALINGI FAILAI\TechnineUzduotis\TechninėUžduotisPresentConnection\UnitTests\bin\Debug\net5.0\fine-code-coverage\build-output\UnitTests.runtimeconfig.json" --depsfile "E:\REIKALINGI FAILAI\TechnineUzduotis\TechninėUžduotisPresentConnection\UnitTests\bin\Debug\net5.0\fine-code-coverage\build-output\UnitTests.deps.json" --port 52953 --endpoint 127.0.0.1:052953 --role client --parentprocessid 23364 --diag "E:\REIKALINGI FAILAI\TechnineUzduotis\TechninėUžduotisPresentConnection\UnitTests\bin\Debug\net5.0\fine-code-coverage\coverage-tool-output\diagnostics.host.22-01-09_21-27-38_46190_4.log" --tracelevel 4 --datacollectionport 52952 --telemetryoptedin false'
TpTrace Verbose: 0 : 23364, 6, 2022/01/09, 21:27:38.486, 9105146873556, vstest.console.dll, Test Runtime launched
TpTrace Verbose: 0 : 23364, 4, 2022/01/09, 21:27:38.487, 9105146877517, vstest.console.dll, TestRequestSender.WaitForRequestHandlerConnection: waiting for connection with timeout: 90000
TpTrace Verbose: 0 : 23364, 6, 2022/01/09, 21:27:38.597, 9105147982766, vstest.console.dll, SocketServer.OnClientConnected: Client connected for endPoint: 127.0.0.1:52953, starting MessageLoopAsync:
TpTrace Verbose: 0 : 23364, 6, 2022/01/09, 21:27:38.598, 9105147984614, vstest.console.dll, TcpClientExtensions.MessageLoopAsync: Polling on remoteEndPoint: 127.0.0.1:52954 localEndPoint: 127.0.0.1:52953
TpTrace Verbose: 0 : 23364, 6, 2022/01/09, 21:27:38.694, 9105148954319, vstest.console.dll, TcpClientExtensions.MessageLoopAsync: NotifyDataAvailable remoteEndPoint: 127.0.0.1:52954 localEndPoint: 127.0.0.1:52953
TpTrace Verbose: 0 : 23364, 6, 2022/01/09, 21:27:38.695, 9105148956758, vstest.console.dll, TestRequestSender.CheckVersionWithTestHost: onMessageReceived received message: (ProtocolVersion) -> 2
TpTrace Verbose: 0 : 23364, 6, 2022/01/09, 21:27:38.695, 9105148959800, vstest.console.dll, TcpClientExtensions.MessageLoopAsync: Polling on remoteEndPoint: 127.0.0.1:52954 localEndPoint: 127.0.0.1:52953
TpTrace Verbose: 0 : 23364, 4, 2022/01/09, 21:27:38.695, 9105148960540, vstest.console.dll, TestPluginCache.GetExtensionPaths: Filtered extension paths: 
TpTrace Verbose: 0 : 23364, 4, 2022/01/09, 21:27:38.695, 9105148961132, vstest.console.dll, TestPluginCache.GetExtensionPaths: Added default extension paths: C:\Program Files\dotnet\sdk\5.0.203\Extensions\Microsoft.Diagnostics.NETCore.Client.dll
C:\Program Files\dotnet\sdk\5.0.203\Extensions\Microsoft.TestPlatform.Extensions.BlameDataCollector.dll
C:\Program Files\dotnet\sdk\5.0.203\Extensions\Microsoft.TestPlatform.Extensions.EventLogCollector.dll
C:\Program Files\dotnet\sdk\5.0.203\Extensions\Microsoft.TestPlatform.TestHostRuntimeProvider.dll
C:\Program Files\dotnet\sdk\5.0.203\Extensions\Microsoft.VisualStudio.TestPlatform.Extensions.Html.TestLogger.dll
C:\Program Files\dotnet\sdk\5.0.203\Extensions\Microsoft.VisualStudio.TestPlatform.Extensions.Trx.TestLogger.dll
TpTrace Verbose: 0 : 23364, 4, 2022/01/09, 21:27:38.695, 9105148961410, vstest.console.dll, TestPluginCache.GetExtensionPaths: Added unfilterableExtensionPaths: 
TpTrace Verbose: 0 : 23364, 4, 2022/01/09, 21:27:38.697, 9105148983125, vstest.console.dll, TestRequestSender.InitializeExecution: Sending initializing execution with message: {"Version":2,"MessageType":"TestExecution.Initialize","Payload":["E:\\REIKALINGI FAILAI\\TechnineUzduotis\\TechninėUžduotisPresentConnection\\UnitTests\\bin\\Debug\\net5.0\\fine-code-coverage\\build-output\\NUnit3.TestAdapter.dll"]}
TpTrace Verbose: 0 : 23364, 6, 2022/01/09, 21:27:38.701, 9105149023492, vstest.console.dll, TcpClientExtensions.MessageLoopAsync: NotifyDataAvailable remoteEndPoint: 127.0.0.1:52954 localEndPoint: 127.0.0.1:52953
TpTrace Verbose: 0 : 23364, 6, 2022/01/09, 21:27:38.701, 9105149024293, vstest.console.dll, TestRequestSender.OnExecutionMessageReceived: Received message: {"Version":2,"MessageType":"TestSession.Message","Payload":{"MessageLevel":0,"Message":"Logging TestHost Diagnostics in file: E:\\REIKALINGI FAILAI\\TechnineUzduotis\\TechninėUžduotisPresentConnection\\UnitTests\\bin\\Debug\\net5.0\\fine-code-coverage\\coverage-tool-output\\diagnostics.host.22-01-09_21-27-38_46190_4.log"}}
TpTrace Verbose: 0 : 23364, 4, 2022/01/09, 21:27:38.702, 9105149031973, vstest.console.dll, TestRequestSender.StartTestRun: Sending test run with message: {"Version":2,"MessageType":"TestExecution.StartWithSources","Payload":{"AdapterSourceMap":{"_none_":["E:\\REIKALINGI FAILAI\\TechnineUzduotis\\TechninėUžduotisPresentConnection\\UnitTests\\bin\\Debug\\net5.0\\fine-code-coverage\\build-output\\UnitTests.dll"]},"RunSettings":"<RunSettings>\r\n  <RunConfiguration>\r\n    <ResultsDirectory>E:\\REIKALINGI FAILAI\\TechnineUzduotis\\TechninėUžduotisPresentConnection\\UnitTests\\bin\\Debug\\net5.0\\fine-code-coverage\\coverage-tool-output</ResultsDirectory>\r\n    <TargetPlatform>X64</TargetPlatform>\r\n    <TargetFrameworkVersion>.NETCoreApp,Version=v5.0</TargetFrameworkVersion>\r\n    <DesignMode>False</DesignMode>\r\n    <CollectSourceInformation>False</CollectSourceInformation>\r\n  </RunConfiguration>\r\n  <LoggerRunSettings>\r\n    <Loggers>\r\n      <Logger friendlyName=\"blame\" enabled=\"True\" />\r\n      <Logger friendlyName=\"Console\" uri=\"logger://microsoft/TestPlatform/ConsoleLogger/v1\" assemblyQualifiedName=\"Microsoft.VisualStudio.TestPlatform.CommandLine.Internal.ConsoleLogger, vstest.console, Version=15.0.0.0, Culture=neutral, PublicKeyToken=b03f5f7f11d50a3a\" codeBase=\"C:\\Program Files\\dotnet\\sdk\\5.0.203\\vstest.console.dll\" enabled=\"True\" />\r\n    </Loggers>\r\n  </LoggerRunSettings>\r\n  <DataCollectionRunSettings>\r\n    <DataCollectors>\r\n      <DataCollector friendlyName=\"blame\" enabled=\"True\">\r\n        <Configuration>\r\n          <ResultsDirectory>E:\\REIKALINGI FAILAI\\TechnineUzduotis\\TechninėUžduotisPresentConnection\\UnitTests\\bin\\Debug\\net5.0\\fine-code-coverage\\coverage-tool-output</ResultsDirectory>\r\n        </Configuration>\r\n      </DataCollector>\r\n    </DataCollectors>\r\n  </DataCollectionRunSettings>\r\n</RunSettings>","TestExecutionContext":{"FrequencyOfRunStatsChangeEvent":10,"RunStatsChangeEventTimeout":"00:00:01.5000000","InIsolation":false,"KeepAlive":false,"AreTestCaseLevelEventsRequired":false,"IsDebug":false,"TestCaseFilter":null,"FilterOptions":null},"Package":null}}
TpTrace Verbose: 0 : 23364, 6, 2022/01/09, 21:27:38.703, 9105149036085, vstest.console.dll, TestRunRequest:SendTestRunMessage: Starting.
TpTrace Information: 0 : 23364, 6, 2022/01/09, 21:27:38.703, 9105149036590, vstest.console.dll, TestRunRequest:SendTestRunMessage: Completed.
TpTrace Verbose: 0 : 23364, 6, 2022/01/09, 21:27:38.703, 9105149036793, vstest.console.dll, TcpClientExtensions.MessageLoopAsync: Polling on remoteEndPoint: 127.0.0.1:52954 localEndPoint: 127.0.0.1:52953
TpTrace Verbose: 0 : 23364, 6, 2022/01/09, 21:27:38.797, 9105149980935, vstest.console.dll, TcpClientExtensions.MessageLoopAsync: NotifyDataAvailable remoteEndPoint: 127.0.0.1:52954 localEndPoint: 127.0.0.1:52953
TpTrace Verbose: 0 : 23364, 6, 2022/01/09, 21:27:38.797, 9105149982006, vstest.console.dll, TestRequestSender.OnExecutionMessageReceived: Received message: {"Version":2,"MessageType":"TestSession.Message","Payload":{"MessageLevel":0,"Message":"NUnit Adapter 3.16.1.0: Test execution started"}}
TpTrace Verbose: 0 : 23364, 6, 2022/01/09, 21:27:38.797, 9105149983666, vstest.console.dll, TestRunRequest:SendTestRunMessage: Starting.
TpTrace Information: 0 : 23364, 6, 2022/01/09, 21:27:38.797, 9105149984135, vstest.console.dll, TestRunRequest:SendTestRunMessage: Completed.
TpTrace Verbose: 0 : 23364, 6, 2022/01/09, 21:27:38.797, 9105149984389, vstest.console.dll, TcpClientExtensions.MessageLoopAsync: Polling on remoteEndPoint: 127.0.0.1:52954 localEndPoint: 127.0.0.1:52953
TpTrace Verbose: 0 : 23364, 6, 2022/01/09, 21:27:38.805, 9105150055651, vstest.console.dll, TcpClientExtensions.MessageLoopAsync: NotifyDataAvailable remoteEndPoint: 127.0.0.1:52954 localEndPoint: 127.0.0.1:52953
TpTrace Verbose: 0 : 23364, 6, 2022/01/09, 21:27:38.805, 9105150056379, vstest.console.dll, TestRequestSender.OnExecutionMessageReceived: Received message: {"Version":2,"MessageType":"TestSession.Message","Payload":{"MessageLevel":0,"Message":"Running all tests in E:\\REIKALINGI FAILAI\\TechnineUzduotis\\TechninėUžduotisPresentConnection\\UnitTests\\bin\\Debug\\net5.0\\fine-code-coverage\\build-output\\UnitTests.dll"}}
TpTrace Verbose: 0 : 23364, 6, 2022/01/09, 21:27:38.805, 9105150057620, vstest.console.dll, TestRunRequest:SendTestRunMessage: Starting.
TpTrace Information: 0 : 23364, 6, 2022/01/09, 21:27:38.805, 9105150058005, vstest.console.dll, TestRunRequest:SendTestRunMessage: Completed.
TpTrace Verbose: 0 : 23364, 6, 2022/01/09, 21:27:38.805, 9105150058242, vstest.console.dll, TcpClientExtensions.MessageLoopAsync: Polling on remoteEndPoint: 127.0.0.1:52954 localEndPoint: 127.0.0.1:52953
TpTrace Verbose: 0 : 23364, 6, 2022/01/09, 21:27:38.939, 9105151403389, vstest.console.dll, TcpClientExtensions.MessageLoopAsync: NotifyDataAvailable remoteEndPoint: 127.0.0.1:52954 localEndPoint: 127.0.0.1:52953
TpTrace Verbose: 0 : 23364, 6, 2022/01/09, 21:27:38.940, 9105151404976, vstest.console.dll, TestRequestSender.OnExecutionMessageReceived: Received message: {"Version":2,"MessageType":"TestSession.Message","Payload":{"MessageLevel":0,"Message":"   NUnit3TestExecutor converted 15 of 15 NUnit test cases"}}
TpTrace Verbose: 0 : 23364, 6, 2022/01/09, 21:27:38.940, 9105151407032, vstest.console.dll, TestRunRequest:SendTestRunMessage: Starting.
TpTrace Information: 0 : 23364, 6, 2022/01/09, 21:27:38.940, 9105151407573, vstest.console.dll, TestRunRequest:SendTestRunMessage: Completed.
TpTrace Verbose: 0 : 23364, 6, 2022/01/09, 21:27:38.940, 9105151407855, vstest.console.dll, TcpClientExtensions.MessageLoopAsync: Polling on remoteEndPoint: 127.0.0.1:52954 localEndPoint: 127.0.0.1:52953
TpTrace Verbose: 0 : 23364, 6, 2022/01/09, 21:27:39.098, 9105152989036, vstest.console.dll, TcpClientExtensions.MessageLoopAsync: NotifyDataAvailable remoteEndPoint: 127.0.0.1:52954 localEndPoint: 127.0.0.1:52953
TpTrace Verbose: 0 : 23364, 6, 2022/01/09, 21:27:39.098, 9105152991198, vstest.console.dll, TestRequestSender.OnExecutionMessageReceived: Received message: {"Version":2,"MessageType":"TestExecution.StatsChange","Payload":{"NewTestResults":[{"TestCase":{"Id":"6e071c8a-b770-0955-9c5f-38e206f1a70e","FullyQualifiedName":"UnitTests.Tests.ClientAndProviderLiveInEU(Lithuania,21,100,121)","DisplayName":"ClientAndProviderLiveInEU(Lithuania,21,100,121)","ExecutorUri":"executor://NUnit3TestExecutor","Source":"E:\\REIKALINGI FAILAI\\TechnineUzduotis\\TechninėUžduotisPresentConnection\\UnitTests\\bin\\Debug\\net5.0\\fine-code-coverage\\build-output\\UnitTests.dll","CodeFilePath":null,"LineNumber":0,"Properties":[]},"Attachments":[],"Outcome":1,"ErrorMessage":null,"ErrorStackTrace":null,"DisplayName":"ClientAndProviderLiveInEU(Lithuania,21,100,121)","Messages":[],"ComputerName":"DESKTOP-MCU07U4","Duration":"00:00:00.0812819","StartTime":"2022-01-09T19:27:38+00:00","EndTime":"2022-01-09T19:27:39+00:00","Properties":[]},{"TestCase":{"Id":"bc91d305-0472-473c-0043-b9a3b1b6bc29","FullyQualifiedName":"UnitTests.Tests.ClientAndProviderLiveInEU(Lithuania,21,-20,0)","DisplayName":"ClientAndProviderLiveInEU(Lithuania,21,-20,0)","ExecutorUri":"executor://NUnit3TestExecutor","Source":"E:\\REIKALINGI FAILAI\\TechnineUzduotis\\TechninėUžduotisPresentConnection\\UnitTests\\bin\\Debug\\net5.0\\fine-code-coverage\\build-output\\UnitTests.dll","CodeFilePath":null,"LineNumber":0,"Properties":[]},"Attachments":[],"Outcome":1,"ErrorMessage":null,"ErrorStackTrace":null,"DisplayName":"ClientAndProviderLiveInEU(Lithuania,21,-20,0)","Messages":[],"ComputerName":"DESKTOP-MCU07U4","Duration":"00:00:00.0017920","StartTime":"2022-01-09T19:27:39+00:00","EndTime":"2022-01-09T19:27:39+00:00","Properties":[]},{"TestCase":{"Id":"1506ec18-fba3-9305-48d1-6e8fe5e2a50f","FullyQualifiedName":"UnitTests.Tests.ClientAndProviderLiveInEU(Germany,19,100,119)","DisplayName":"ClientAndProviderLiveInEU(Germany,19,100,119)","ExecutorUri":"executor://NUnit3TestExecutor","Source":"E:\\REIKALINGI FAILAI\\TechnineUzduotis\\TechninėUžduotisPresentConnection\\UnitTests\\bin\\Debug\\net5.0\\fine-code-coverage\\build-output\\UnitTests.dll","CodeFilePath":null,"LineNumber":0,"Properties":[]},"Attachments":[],"Outcome":1,"ErrorMessage":null,"ErrorStackTrace":null,"DisplayName":"ClientAndProviderLiveInEU(Germany,19,100,119)","Messages":[],"ComputerName":"DESKTOP-MCU07U4","Duration":"00:00:00.0000800","StartTime":"2022-01-09T19:27:39+00:00","EndTime":"2022-01-09T19:27:39+00:00","Properties":[]},{"TestCase":{"Id":"f0c91742-30b2-69c4-2197-1e9726ae52db","FullyQualifiedName":"UnitTests.Tests.ClientIsOutsideOfEU(Lithuania,Poland,21,100,100)","DisplayName":"ClientIsOutsideOfEU(Lithuania,Poland,21,100,100)","ExecutorUri":"executor://NUnit3TestExecutor","Source":"E:\\REIKALINGI FAILAI\\TechnineUzduotis\\TechninėUžduotisPresentConnection\\UnitTests\\bin\\Debug\\net5.0\\fine-code-coverage\\build-output\\UnitTests.dll","CodeFilePath":null,"LineNumber":0,"Properties":[]},"Attachments":[],"Outcome":1,"ErrorMessage":null,"ErrorStackTrace":null,"DisplayName":"ClientIsOutsideOfEU(Lithuania,Poland,21,100,100)","Messages":[],"ComputerName":"DESKTOP-MCU07U4","Duration":"00:00:00.0004500","StartTime":"2022-01-09T19:27:39+00:00","EndTime":"2022-01-09T19:27:39+00:00","Properties":[]},{"TestCase":{"Id":"38b84c17-2252-f270-7edf-4f70dd2b133f","FullyQualifiedName":"UnitTests.Tests.ClientIsOutsideOfEU(Lithuania,Poland,21,-10,0)","DisplayName":"ClientIsOutsideOfEU(Lithuania,Poland,21,-10,0)","ExecutorUri":"executor://NUnit3TestExecutor","Source":"E:\\REIKALINGI FAILAI\\TechnineUzduotis\\TechninėUžduotisPresentConnection\\UnitTests\\bin\\Debug\\net5.0\\fine-code-coverage\\build-output\\UnitTests.dll","CodeFilePath":null,"LineNumber":0,"Properties":[]},"Attachments":[],"Outcome":1,"ErrorMessage":null,"ErrorStackTrace":null,"DisplayName":"ClientIsOutsideOfEU(Lithuania,Poland,21,-10,0)","Messages":[],"ComputerName":"DESKTOP-MCU07U4","Duration":"00:00:00.0000890","StartTime":"2022-01-09T19:27:39+00:00","EndTime":"2022-01-09T19:27:39+00:00","Properties":[]},{"TestCase":{"Id":"b5a76de6-c272-c065-bce8-ba937d972829","FullyQualifiedName":"UnitTests.Tests.ClientIsOutsideOfEU(Germany,France,19,100,100)","DisplayName":"ClientIsOutsideOfEU(Germany,France,19,100,100)","ExecutorUri":"executor://NUnit3TestExecutor","Source":"E:\\REIKALINGI FAILAI\\TechnineUzduotis\\TechninėUžduotisPresentConnection\\UnitTests\\bin\\Debug\\net5.0\\fine-code-coverage\\build-output\\UnitTests.dll","CodeFilePath":null,"LineNumber":0,"Properties":[]},"Attachments":[],"Outcome":1,"ErrorMessage":null,"ErrorStackTrace":null,"DisplayName":"ClientIsOutsideOfEU(Germany,France,19,100,100)","Messages":[],"ComputerName":"DESKTOP-MCU07U4","Duration":"00:00:00.0000680","StartTime":"2022-01-09T19:27:39+00:00","EndTime":"2022-01-09T19:27:39+00:00","Properties":[]},{"TestCase":{"Id":"3c9a5ef6-2677-9087-a49b-4e4a6a215a68","FullyQualifiedName":"UnitTests.Tests.ClientLivesInEUAndDoesntPayVAT(Lithuania,Poland,21,100,121)","DisplayName":"ClientLivesInEUAndDoesntPayVAT(Lithuania,Poland,21,100,121)","ExecutorUri":"executor://NUnit3TestExecutor","Source":"E:\\REIKALINGI FAILAI\\TechnineUzduotis\\TechninėUžduotisPresentConnection\\UnitTests\\bin\\Debug\\net5.0\\fine-code-coverage\\build-output\\UnitTests.dll","CodeFilePath":null,"LineNumber":0,"Properties":[]},"Attachments":[],"Outcome":1,"ErrorMessage":null,"ErrorStackTrace":null,"DisplayName":"ClientLivesInEUAndDoesntPayVAT(Lithuania,Poland,21,100,121)","Messages":[],"ComputerName":"DESKTOP-MCU07U4","Duration":"00:00:00.0002870","StartTime":"2022-01-09T19:27:39+00:00","EndTime":"2022-01-09T19:27:39+00:00","Properties":[]},{"TestCase":{"Id":"4e5a99a9-b9e5-49f3-c762-55751b6cc35d","FullyQualifiedName":"UnitTests.Tests.ClientLivesInEUAndDoesntPayVAT(Lithuania,Poland,21,-10,0)","DisplayName":"ClientLivesInEUAndDoesntPayVAT(Lithuania,Poland,21,-10,0)","ExecutorUri":"executor://NUnit3TestExecutor","Source":"E:\\REIKALINGI FAILAI\\TechnineUzduotis\\TechninėUžduotisPresentConnection\\UnitTests\\bin\\Debug\\net5.0\\fine-code-coverage\\build-output\\UnitTests.dll","CodeFilePath":null,"LineNumber":0,"Properties":[]},"Attachments":[],"Outcome":1,"ErrorMessage":null,"ErrorStackTrace":null,"DisplayName":"ClientLivesInEUAndDoesntPayVAT(Lithuania,Poland,21,-10,0)","Messages":[],"ComputerName":"DESKTOP-MCU07U4","Duration":"00:00:00.0000810","StartTime":"2022-01-09T19:27:39+00:00","EndTime":"2022-01-09T19:27:39+00:00","Properties":[]},{"TestCase":{"Id":"90bf2207-25e1-e827-042a-0295d9f1c5d8","FullyQualifiedName":"UnitTests.Tests.ClientLivesInEUAndDoesntPayVAT(Germany,France,19,100,119)","DisplayName":"ClientLivesInEUAndDoesntPayVAT(Germany,France,19,100,119)","ExecutorUri":"executor://NUnit3TestExecutor","Source":"E:\\REIKALINGI FAILAI\\TechnineUzduotis\\TechninėUžduotisPresentConnection\\UnitTests\\bin\\Debug\\net5.0\\fine-code-coverage\\build-output\\UnitTests.dll","CodeFilePath":null,"LineNumber":0,"Properties":[]},"Attachments":[],"Outcome":1,"ErrorMessage":null,"ErrorStackTrace":null,"DisplayName":"ClientLivesInEUAndDoesntPayVAT(Germany,France,19,100,119)","Messages":[],"ComputerName":"DESKTOP-MCU07U4","Duration":"00:00:00.0000749","StartTime":"2022-01-09T19:27:39+00:00","EndTime":"2022-01-09T19:27:39+00:00","Properties":[]}],"TestRunStatistics":{"ExecutedTests":9,"Stats":{"Passed":9}},"ActiveTests":[{"Id":"d45fe3e1-5325-f5db-0606-9c0ce88f37e8","FullyQualifiedName":"UnitTests.Tests.ClientLivesInEUAndPaysVAT(Lithuania,Poland,21,100,100)","DisplayName":"ClientLivesInEUAndPaysVAT(Lithuania,Poland,21,100,100)","ExecutorUri":"executor://NUnit3TestExecutor","Source":"E:\\REIKALINGI FAILAI\\TechnineUzduotis\\TechninėUžduotisPresentConnection\\UnitTests\\bin\\Debug\\net5.0\\fine-code-coverage\\build-output\\UnitTests.dll","CodeFilePath":null,"LineNumber":0,"Properties":[]}]}}
TpTrace Verbose: 0 : 23364, 6, 2022/01/09, 21:27:39.116, 9105153169174, vstest.console.dll, TestRunRequest:SendTestRunStatsChange: Starting.
TpTrace Verbose: 0 : 23364, 6, 2022/01/09, 21:27:39.116, 9105153170351, vstest.console.dll, InProgress is ClientLivesInEUAndPaysVAT(Lithuania,Poland,21,100,100)
TpTrace Information: 0 : 23364, 6, 2022/01/09, 21:27:39.116, 9105153171788, vstest.console.dll, TestRunRequest:SendTestRunStatsChange: Completed.
TpTrace Verbose: 0 : 23364, 6, 2022/01/09, 21:27:39.116, 9105153172159, vstest.console.dll, TcpClientExtensions.MessageLoopAsync: Polling on remoteEndPoint: 127.0.0.1:52954 localEndPoint: 127.0.0.1:52953
TpTrace Verbose: 0 : 23364, 6, 2022/01/09, 21:27:39.116, 9105153172470, vstest.console.dll, TcpClientExtensions.MessageLoopAsync: NotifyDataAvailable remoteEndPoint: 127.0.0.1:52954 localEndPoint: 127.0.0.1:52953
TpTrace Verbose: 0 : 23364, 6, 2022/01/09, 21:27:39.116, 9105153172842, vstest.console.dll, TestRequestSender.OnExecutionMessageReceived: Received message: {"Version":2,"MessageType":"TestSession.Message","Payload":{"MessageLevel":0,"Message":"NUnit Adapter 3.16.1.0: Test execution complete"}}
TpTrace Verbose: 0 : 23364, 6, 2022/01/09, 21:27:39.116, 9105153173858, vstest.console.dll, TestRunRequest:SendTestRunMessage: Starting.
TpTrace Information: 0 : 23364, 6, 2022/01/09, 21:27:39.116, 9105153174186, vstest.console.dll, TestRunRequest:SendTestRunMessage: Completed.
TpTrace Verbose: 0 : 23364, 6, 2022/01/09, 21:27:39.116, 9105153174438, vstest.console.dll, TcpClientExtensions.MessageLoopAsync: Polling on remoteEndPoint: 127.0.0.1:52954 localEndPoint: 127.0.0.1:52953
TpTrace Verbose: 0 : 23364, 6, 2022/01/09, 21:27:39.125, 9105153258711, vstest.console.dll, TcpClientExtensions.MessageLoopAsync: NotifyDataAvailable remoteEndPoint: 127.0.0.1:52954 localEndPoint: 127.0.0.1:52953
TpTrace Verbose: 0 : 23364, 6, 2022/01/09, 21:27:39.125, 9105153260005, vstest.console.dll, TestRequestSender.OnExecutionMessageReceived: Received message: {"Version":2,"MessageType":"TestExecution.Completed","Payload":{"TestRunCompleteArgs":{"TestRunStatistics":{"ExecutedTests":15,"Stats":{"Passed":15}},"IsCanceled":false,"IsAborted":false,"Error":null,"AttachmentSets":[],"ElapsedTimeInRunningTests":"00:00:00.3309092","Metrics":{}},"LastRunTests":{"NewTestResults":[{"TestCase":{"Id":"d45fe3e1-5325-f5db-0606-9c0ce88f37e8","FullyQualifiedName":"UnitTests.Tests.ClientLivesInEUAndPaysVAT(Lithuania,Poland,21,100,100)","DisplayName":"ClientLivesInEUAndPaysVAT(Lithuania,Poland,21,100,100)","ExecutorUri":"executor://NUnit3TestExecutor","Source":"E:\\REIKALINGI FAILAI\\TechnineUzduotis\\TechninėUžduotisPresentConnection\\UnitTests\\bin\\Debug\\net5.0\\fine-code-coverage\\build-output\\UnitTests.dll","CodeFilePath":null,"LineNumber":0,"Properties":[]},"Attachments":[],"Outcome":1,"ErrorMessage":null,"ErrorStackTrace":null,"DisplayName":"ClientLivesInEUAndPaysVAT(Lithuania,Poland,21,100,100)","Messages":[],"ComputerName":"DESKTOP-MCU07U4","Duration":"00:00:00.0002700","StartTime":"2022-01-09T19:27:39+00:00","EndTime":"2022-01-09T19:27:39+00:00","Properties":[]},{"TestCase":{"Id":"8d22adcd-938b-169e-b4e1-c4efc9e4ff81","FullyQualifiedName":"UnitTests.Tests.ClientLivesInEUAndPaysVAT(Lithuania,Poland,21,-10,0)","DisplayName":"ClientLivesInEUAndPaysVAT(Lithuania,Poland,21,-10,0)","ExecutorUri":"executor://NUnit3TestExecutor","Source":"E:\\REIKALINGI FAILAI\\TechnineUzduotis\\TechninėUžduotisPresentConnection\\UnitTests\\bin\\Debug\\net5.0\\fine-code-coverage\\build-output\\UnitTests.dll","CodeFilePath":null,"LineNumber":0,"Properties":[]},"Attachments":[],"Outcome":1,"ErrorMessage":null,"ErrorStackTrace":null,"DisplayName":"ClientLivesInEUAndPaysVAT(Lithuania,Poland,21,-10,0)","Messages":[],"ComputerName":"DESKTOP-MCU07U4","Duration":"00:00:00.0000830","StartTime":"2022-01-09T19:27:39+00:00","EndTime":"2022-01-09T19:27:39+00:00","Properties":[]},{"TestCase":{"Id":"409ecf59-8e8d-6ec4-0b24-b79595007a2f","FullyQualifiedName":"UnitTests.Tests.ClientLivesInEUAndPaysVAT(Germany,France,19,100,100)","DisplayName":"ClientLivesInEUAndPaysVAT(Germany,France,19,100,100)","ExecutorUri":"executor://NUnit3TestExecutor","Source":"E:\\REIKALINGI FAILAI\\TechnineUzduotis\\TechninėUžduotisPresentConnection\\UnitTests\\bin\\Debug\\net5.0\\fine-code-coverage\\build-output\\UnitTests.dll","CodeFilePath":null,"LineNumber":0,"Properties":[]},"Attachments":[],"Outcome":1,"ErrorMessage":null,"ErrorStackTrace":null,"DisplayName":"ClientLivesInEUAndPaysVAT(Germany,France,19,100,100)","Messages":[],"ComputerName":"DESKTOP-MCU07U4","Duration":"00:00:00.0000730","StartTime":"2022-01-09T19:27:39+00:00","EndTime":"2022-01-09T19:27:39+00:00","Properties":[]},{"TestCase":{"Id":"aef57ef3-8381-d978-0099-16941874abd1","FullyQualifiedName":"UnitTests.Tests.ProviderIsNotAVATPayer(Lithuania,Poland,21,100,100)","DisplayName":"ProviderIsNotAVATPayer(Lithuania,Poland,21,100,100)","ExecutorUri":"executor://NUnit3TestExecutor","Source":"E:\\REIKALINGI FAILAI\\TechnineUzduotis\\TechninėUžduotisPresentConnection\\UnitTests\\bin\\Debug\\net5.0\\fine-code-coverage\\build-output\\UnitTests.dll","CodeFilePath":null,"LineNumber":0,"Properties":[]},"Attachments":[],"Outcome":1,"ErrorMessage":null,"ErrorStackTrace":null,"DisplayName":"ProviderIsNotAVATPayer(Lithuania,Poland,21,100,100)","Messages":[],"ComputerName":"DESKTOP-MCU07U4","Duration":"00:00:00.0002520","StartTime":"2022-01-09T19:27:39+00:00","EndTime":"2022-01-09T19:27:39+00:00","Properties":[]},{"TestCase":{"Id":"815d03f2-60e8-56df-2642-36f0722a7d93","FullyQualifiedName":"UnitTests.Tests.ProviderIsNotAVATPayer(Lithuania,Poland,21,-10,0)","DisplayName":"ProviderIsNotAVATPayer(Lithuania,Poland,21,-10,0)","ExecutorUri":"executor://NUnit3TestExecutor","Source":"E:\\REIKALINGI FAILAI\\TechnineUzduotis\\TechninėUžduotisPresentConnection\\UnitTests\\bin\\Debug\\net5.0\\fine-code-coverage\\build-output\\UnitTests.dll","CodeFilePath":null,"LineNumber":0,"Properties":[]},"Attachments":[],"Outcome":1,"ErrorMessage":null,"ErrorStackTrace":null,"DisplayName":"ProviderIsNotAVATPayer(Lithuania,Poland,21,-10,0)","Messages":[],"ComputerName":"DESKTOP-MCU07U4","Duration":"00:00:00.0000690","StartTime":"2022-01-09T19:27:39+00:00","EndTime":"2022-01-09T19:27:39+00:00","Properties":[]},{"TestCase":{"Id":"2b50f550-1633-ff4e-8774-6ee8296d6c1f","FullyQualifiedName":"UnitTests.Tests.ProviderIsNotAVATPayer(Germany,France,19,100,100)","DisplayName":"ProviderIsNotAVATPayer(Germany,France,19,100,100)","ExecutorUri":"executor://NUnit3TestExecutor","Source":"E:\\REIKALINGI FAILAI\\TechnineUzduotis\\TechninėUžduotisPresentConnection\\UnitTests\\bin\\Debug\\net5.0\\fine-code-coverage\\build-output\\UnitTests.dll","CodeFilePath":null,"LineNumber":0,"Properties":[]},"Attachments":[],"Outcome":1,"ErrorMessage":null,"ErrorStackTrace":null,"DisplayName":"ProviderIsNotAVATPayer(Germany,France,19,100,100)","Messages":[],"ComputerName":"DESKTOP-MCU07U4","Duration":"00:00:00.0000680","StartTime":"2022-01-09T19:27:39+00:00","EndTime":"2022-01-09T19:27:39+00:00","Properties":[]}],"TestRunStatistics":{"ExecutedTests":15,"Stats":{"Passed":15}},"ActiveTests":[]},"RunAttachments":[],"ExecutorUris":["executor://nunit3testexecutor/"]}}
TpTrace Verbose: 0 : 23364, 6, 2022/01/09, 21:27:39.125, 9105153263286, vstest.console.dll, TestRequestSender.EndSession: Sending end session.
TpTrace Verbose: 0 : 23364, 6, 2022/01/09, 21:27:39.125, 9105153264233, vstest.console.dll, ProxyOperationManager.Close: waiting for test host to exit for 100 ms
TpTrace Warning: 0 : 23364, 12, 2022/01/09, 21:27:39.140, 9105153406785, vstest.console.dll, TestHostManagerCallbacks.ErrorReceivedCallback Test host standard error line: 
TpTrace Verbose: 0 : 23364, 7, 2022/01/09, 21:27:39.144, 9105153449750, vstest.console.dll, TestHostProvider.ExitCallBack: Host exited starting callback.
TpTrace Information: 0 : 23364, 7, 2022/01/09, 21:27:39.144, 9105153453944, vstest.console.dll, TestHostManagerCallbacks.ExitCallBack: Testhost processId: 10208 exited with exitcode: 0 error: ''
TpTrace Verbose: 0 : 23364, 7, 2022/01/09, 21:27:39.144, 9105153454419, vstest.console.dll, DotnetTestHostManager.OnHostExited: invoking OnHostExited callback
TpTrace Verbose: 0 : 23364, 7, 2022/01/09, 21:27:39.145, 9105153454796, vstest.console.dll, CrossPlatEngine.TestHostManagerHostExited: calling on client process exit callback.
TpTrace Information: 0 : 23364, 7, 2022/01/09, 21:27:39.145, 9105153455143, vstest.console.dll, TestRequestSender.OnClientProcessExit: Test host process exited. Standard error: 
TpTrace Warning: 0 : 23364, 6, 2022/01/09, 21:27:39.145, 9105153455176, vstest.console.dll, ProxyOperationManager: Timed out waiting for test host to exit. Will terminate process.
TpTrace Information: 0 : 23364, 7, 2022/01/09, 21:27:39.145, 9105153456391, vstest.console.dll, SocketServer.Stop: Stop server endPoint: 127.0.0.1:52953
TpTrace Information: 0 : 23364, 7, 2022/01/09, 21:27:39.145, 9105153456734, vstest.console.dll, SocketServer.Stop: Cancellation requested. Stopping message loop.
TpTrace Verbose: 0 : 23364, 6, 2022/01/09, 21:27:39.145, 9105153462075, vstest.console.dll, ProxyDataCollectionManager.InvokeDataCollectionServiceAction: Starting.
TpTrace Information: 0 : 23364, 6, 2022/01/09, 21:27:39.145, 9105153462589, vstest.console.dll, ProxyDataCollectionManager.AfterTestRunEnd: Get attachment set for datacollector processId: 45916 port: 52950
TpTrace Verbose: 0 : 23364, 6, 2022/01/09, 21:27:39.145, 9105153462921, vstest.console.dll, DataCollectionRequestSender.SendAfterTestRunStartAndGetResult : Send AfterTestRunEnd message with isCancelled: False
TpTrace Verbose: 0 : 23364, 6, 2022/01/09, 21:27:39.148, 9105153491647, vstest.console.dll, DataCollectionRequestSender.SendAfterTestRunStartAndGetResult : Received message: (DataCollection.AfterTestRunEndResult) -> {
  "AttachmentSets": [],
  "Metrics": {}
}
TpTrace Information: 0 : 23364, 6, 2022/01/09, 21:27:39.150, 9105153509375, vstest.console.dll, ProxyDataCollectionManager.InvokeDataCollectionServiceAction: Completed.
TpTrace Warning: 0 : 23364, 9, 2022/01/09, 21:27:39.151, 9105153522446, vstest.console.dll, DataCollectionLauncher.ErrorReceivedCallback datacollector standard error line: 
TpTrace Information: 0 : 23364, 7, 2022/01/09, 21:27:39.155, 9105153556492, vstest.console.dll, DataCollectionLauncher.ExitCallBack: Data collector exited with exitcode: 0 error: ''
TpTrace Verbose: 0 : 23364, 6, 2022/01/09, 21:27:39.166, 9105153673978, vstest.console.dll, TestRunRequest:SendTestRunStatsChange: Starting.
TpTrace Information: 0 : 23364, 6, 2022/01/09, 21:27:39.167, 9105153674825, vstest.console.dll, TestRunRequest:SendTestRunStatsChange: Completed.
TpTrace Verbose: 0 : 23364, 6, 2022/01/09, 21:27:39.167, 9105153675858, vstest.console.dll, ParallelProxyExecutionManager: HandlePartialRunComplete: Total completed clients = 1, Run complete = True, Run canceled: False.
TpTrace Verbose: 0 : 23364, 6, 2022/01/09, 21:27:39.182, 9105153825854, vstest.console.dll, TestRunRequest:TestRunComplete: Starting. IsAborted:False IsCanceled:False.
TpTrace Verbose: 0 : 23364, 6, 2022/01/09, 21:27:39.182, 9105153827625, vstest.console.dll, TestLoggerManager.HandleTestRunComplete: Ignoring as the object is disposed.
TpTrace Information: 0 : 23364, 6, 2022/01/09, 21:27:39.182, 9105153830061, vstest.console.dll, TestRunRequest:TestRunComplete: Completed.
TpTrace Verbose: 0 : 23364, 6, 2022/01/09, 21:27:39.182, 9105153830474, vstest.console.dll, TestRequestSender.SetOperationComplete: Setting operation complete.
TpTrace Verbose: 0 : 23364, 1, 2022/01/09, 21:27:39.182, 9105153830373, vstest.console.dll, TestRunRequest.Dispose: Starting.
TpTrace Information: 0 : 23364, 6, 2022/01/09, 21:27:39.182, 9105153830748, vstest.console.dll, SocketServer.Stop: Stop server endPoint: 127.0.0.1:52953
TpTrace Information: 0 : 23364, 1, 2022/01/09, 21:27:39.182, 9105153831473, vstest.console.dll, TestRunRequest.Dispose: Completed.
TpTrace Information: 0 : 23364, 6, 2022/01/09, 21:27:39.182, 9105153831765, vstest.console.dll, SocketServer.Stop: Cancellation requested. Stopping message loop.
TpTrace Information: 0 : 23364, 1, 2022/01/09, 21:27:39.182, 9105153831870, vstest.console.dll, TestRequestManager.RunTests: run tests completed.
TpTrace Information: 0 : 23364, 6, 2022/01/09, 21:27:39.182, 9105153832095, vstest.console.dll, SocketServer.PrivateStop: Stop server endPoint: 127.0.0.1:52953 error: 
TpTrace Information: 0 : 23364, 1, 2022/01/09, 21:27:39.182, 9105153832585, vstest.console.dll, RunTestsArgumentProcessor:Execute: Test run is completed.
TpTrace Verbose: 0 : 23364, 1, 2022/01/09, 21:27:39.182, 9105153833951, vstest.console.dll, Executor.Execute: Exiting with exit code of 0
TpTrace Verbose: 0 : 23364, 6, 2022/01/09, 21:27:39.183, 9105153835872, vstest.console.dll, LengthPrefixCommunicationChannel.Dispose: Dispose reader and writer.
TpTrace Information: 0 : 23364, 6, 2022/01/09, 21:27:39.183, 9105153836401, vstest.console.dll, SocketServer.Stop: Raise disconnected event endPoint: 127.0.0.1:52953 error: 
TpTrace Verbose: 0 : 23364, 6, 2022/01/09, 21:27:39.183, 9105153836849, vstest.console.dll, TestRequestSender: OnTestRunAbort: Operation is already complete. Skip error message.
TpTrace Verbose: 0 : 23364, 6, 2022/01/09, 21:27:39.183, 9105153837071, vstest.console.dll, TcpClientExtensions.MessageLoopAsync: exiting MessageLoopAsync remoteEndPoint: 127.0.0.1:52954 localEndPoint: 127.0.0.1:52953
